<?xml version="1.0" encoding="UTF-8"?>
<!-- Generated by org.testng.reporters.JUnitXMLReporter -->
<testsuite hostname="RSADANI-T5X71" name="Test" tests="9" failures="0" timestamp="20 Jul 2019 13:06:27 GMT" time="0.418" errors="0">
  <testcase name="@BeforeMethod beforeMethod" time="0.0" classname="homepage.ContactUs">
    <failure type="java.lang.IllegalStateException" message="The driver executable does not exist: C:\Users\rsadani\Desktop\New folder (3)\AvenirMaven\driver\chromedriver1.exe">
      <![CDATA[java.lang.IllegalStateException: The driver executable does not exist: C:\Users\rsadani\Desktop\New folder (3)\AvenirMaven\driver\chromedriver1.exe
	at com.google.common.base.Preconditions.checkState(Preconditions.java:585)
	at org.openqa.selenium.remote.service.DriverService.checkExecutable(DriverService.java:137)
	at org.openqa.selenium.remote.service.DriverService.findExecutable(DriverService.java:132)
	at org.openqa.selenium.chrome.ChromeDriverService.access$000(ChromeDriverService.java:35)
	at org.openqa.selenium.chrome.ChromeDriverService$Builder.findDefaultExecutable(ChromeDriverService.java:156)
	at org.openqa.selenium.remote.service.DriverService$Builder.build(DriverService.java:346)
	at org.openqa.selenium.chrome.ChromeDriverService.createDefaultService(ChromeDriverService.java:91)
	at org.openqa.selenium.chrome.ChromeDriver.<init>(ChromeDriver.java:123)
	at global.OpenWebsite.openMashreq(OpenWebsite.java:17)
	at homepage.ContactUs.beforeMethod(ContactUs.java:19)
... Removed 26 stack frames]]>
    </failure>
  </testcase> <!-- @BeforeMethod beforeMethod -->
  <testcase name="@BeforeMethod beforeMethod" time="0.0" classname="contactpage.CheckSelectSubProductEmpty">
    <failure type="java.lang.IllegalStateException" message="The driver executable does not exist: C:\Users\rsadani\Desktop\New folder (3)\AvenirMaven\driver\chromedriver1.exe">
      <![CDATA[java.lang.IllegalStateException: The driver executable does not exist: C:\Users\rsadani\Desktop\New folder (3)\AvenirMaven\driver\chromedriver1.exe
	at com.google.common.base.Preconditions.checkState(Preconditions.java:585)
	at org.openqa.selenium.remote.service.DriverService.checkExecutable(DriverService.java:137)
	at org.openqa.selenium.remote.service.DriverService.findExecutable(DriverService.java:132)
	at org.openqa.selenium.chrome.ChromeDriverService.access$000(ChromeDriverService.java:35)
	at org.openqa.selenium.chrome.ChromeDriverService$Builder.findDefaultExecutable(ChromeDriverService.java:156)
	at org.openqa.selenium.remote.service.DriverService$Builder.build(DriverService.java:346)
	at org.openqa.selenium.chrome.ChromeDriverService.createDefaultService(ChromeDriverService.java:91)
	at org.openqa.selenium.chrome.ChromeDriver.<init>(ChromeDriver.java:123)
	at global.OpenWebsite.openMashreq(OpenWebsite.java:17)
	at contactpage.CheckSelectSubProductEmpty.beforeMethod(CheckSelectSubProductEmpty.java:19)
... Removed 26 stack frames]]>
    </failure>
  </testcase> <!-- @BeforeMethod beforeMethod -->
  <testcase name="@AfterMethod tearDown" time="0.0" classname="contactpage.CheckSelectSubProductEmpty">
    <skipped/>
  </testcase> <!-- @AfterMethod tearDown -->
  <testcase name="@BeforeMethod beforeMethod" time="0.0" classname="homepage.NavigationBar">
    <failure type="java.lang.IllegalStateException" message="The driver executable does not exist: C:\Users\rsadani\Desktop\New folder (3)\AvenirMaven\driver\chromedriver1.exe">
      <![CDATA[java.lang.IllegalStateException: The driver executable does not exist: C:\Users\rsadani\Desktop\New folder (3)\AvenirMaven\driver\chromedriver1.exe
	at com.google.common.base.Preconditions.checkState(Preconditions.java:585)
	at org.openqa.selenium.remote.service.DriverService.checkExecutable(DriverService.java:137)
	at org.openqa.selenium.remote.service.DriverService.findExecutable(DriverService.java:132)
	at org.openqa.selenium.chrome.ChromeDriverService.access$000(ChromeDriverService.java:35)
	at org.openqa.selenium.chrome.ChromeDriverService$Builder.findDefaultExecutable(ChromeDriverService.java:156)
	at org.openqa.selenium.remote.service.DriverService$Builder.build(DriverService.java:346)
	at org.openqa.selenium.chrome.ChromeDriverService.createDefaultService(ChromeDriverService.java:91)
	at org.openqa.selenium.chrome.ChromeDriver.<init>(ChromeDriver.java:123)
	at global.OpenWebsite.openMashreq(OpenWebsite.java:17)
	at homepage.NavigationBar.beforeMethod(NavigationBar.java:23)
... Removed 26 stack frames]]>
    </failure>
  </testcase> <!-- @BeforeMethod beforeMethod -->
  <testcase name="@AfterMethod tearDown" time="0.0" classname="homepage.NavigationBar">
    <skipped/>
  </testcase> <!-- @AfterMethod tearDown -->
  <testcase name="@BeforeMethod beforeMethod" time="0.0" classname="contactpage.CheckIAmLookingForDropdown">
    <failure type="java.lang.IllegalStateException" message="The driver executable does not exist: C:\Users\rsadani\Desktop\New folder (3)\AvenirMaven\driver\chromedriver1.exe">
      <![CDATA[java.lang.IllegalStateException: The driver executable does not exist: C:\Users\rsadani\Desktop\New folder (3)\AvenirMaven\driver\chromedriver1.exe
	at com.google.common.base.Preconditions.checkState(Preconditions.java:585)
	at org.openqa.selenium.remote.service.DriverService.checkExecutable(DriverService.java:137)
	at org.openqa.selenium.remote.service.DriverService.findExecutable(DriverService.java:132)
	at org.openqa.selenium.chrome.ChromeDriverService.access$000(ChromeDriverService.java:35)
	at org.openqa.selenium.chrome.ChromeDriverService$Builder.findDefaultExecutable(ChromeDriverService.java:156)
	at org.openqa.selenium.remote.service.DriverService$Builder.build(DriverService.java:346)
	at org.openqa.selenium.chrome.ChromeDriverService.createDefaultService(ChromeDriverService.java:91)
	at org.openqa.selenium.chrome.ChromeDriver.<init>(ChromeDriver.java:123)
	at global.OpenWebsite.openMashreq(OpenWebsite.java:17)
	at contactpage.CheckIAmLookingForDropdown.beforeMethod(CheckIAmLookingForDropdown.java:20)
... Removed 26 stack frames]]>
    </failure>
  </testcase> <!-- @BeforeMethod beforeMethod -->
  <testcase name="@BeforeMethod beforeMethod" time="0.0" classname="contactpage.CheckErrorWithoutEnteringDetails">
    <failure type="java.lang.IllegalStateException" message="The driver executable does not exist: C:\Users\rsadani\Desktop\New folder (3)\AvenirMaven\driver\chromedriver1.exe">
      <![CDATA[java.lang.IllegalStateException: The driver executable does not exist: C:\Users\rsadani\Desktop\New folder (3)\AvenirMaven\driver\chromedriver1.exe
	at com.google.common.base.Preconditions.checkState(Preconditions.java:585)
	at org.openqa.selenium.remote.service.DriverService.checkExecutable(DriverService.java:137)
	at org.openqa.selenium.remote.service.DriverService.findExecutable(DriverService.java:132)
	at org.openqa.selenium.chrome.ChromeDriverService.access$000(ChromeDriverService.java:35)
	at org.openqa.selenium.chrome.ChromeDriverService$Builder.findDefaultExecutable(ChromeDriverService.java:156)
	at org.openqa.selenium.remote.service.DriverService$Builder.build(DriverService.java:346)
	at org.openqa.selenium.chrome.ChromeDriverService.createDefaultService(ChromeDriverService.java:91)
	at org.openqa.selenium.chrome.ChromeDriver.<init>(ChromeDriver.java:123)
	at global.OpenWebsite.openMashreq(OpenWebsite.java:17)
	at contactpage.CheckErrorWithoutEnteringDetails.beforeMethod(CheckErrorWithoutEnteringDetails.java:17)
... Removed 26 stack frames]]>
    </failure>
  </testcase> <!-- @BeforeMethod beforeMethod -->
  <testcase name="@BeforeMethod beforeMethod" time="0.0" classname="homepage.TestNews">
    <failure type="java.lang.IllegalStateException" message="The driver executable does not exist: C:\Users\rsadani\Desktop\New folder (3)\AvenirMaven\driver\chromedriver1.exe">
      <![CDATA[java.lang.IllegalStateException: The driver executable does not exist: C:\Users\rsadani\Desktop\New folder (3)\AvenirMaven\driver\chromedriver1.exe
	at com.google.common.base.Preconditions.checkState(Preconditions.java:585)
	at org.openqa.selenium.remote.service.DriverService.checkExecutable(DriverService.java:137)
	at org.openqa.selenium.remote.service.DriverService.findExecutable(DriverService.java:132)
	at org.openqa.selenium.chrome.ChromeDriverService.access$000(ChromeDriverService.java:35)
	at org.openqa.selenium.chrome.ChromeDriverService$Builder.findDefaultExecutable(ChromeDriverService.java:156)
	at org.openqa.selenium.remote.service.DriverService$Builder.build(DriverService.java:346)
	at org.openqa.selenium.chrome.ChromeDriverService.createDefaultService(ChromeDriverService.java:91)
	at org.openqa.selenium.chrome.ChromeDriver.<init>(ChromeDriver.java:123)
	at global.OpenWebsite.openMashreq(OpenWebsite.java:17)
	at homepage.TestNews.beforeMethod(TestNews.java:18)
... Removed 26 stack frames]]>
    </failure>
  </testcase> <!-- @BeforeMethod beforeMethod -->
  <testcase name="@BeforeMethod beforeMethod" time="0.0" classname="contactpage.PhoneNumberAuthentication">
    <failure type="java.lang.IllegalStateException" message="The driver executable does not exist: C:\Users\rsadani\Desktop\New folder (3)\AvenirMaven\driver\chromedriver1.exe">
      <![CDATA[java.lang.IllegalStateException: The driver executable does not exist: C:\Users\rsadani\Desktop\New folder (3)\AvenirMaven\driver\chromedriver1.exe
	at com.google.common.base.Preconditions.checkState(Preconditions.java:585)
	at org.openqa.selenium.remote.service.DriverService.checkExecutable(DriverService.java:137)
	at org.openqa.selenium.remote.service.DriverService.findExecutable(DriverService.java:132)
	at org.openqa.selenium.chrome.ChromeDriverService.access$000(ChromeDriverService.java:35)
	at org.openqa.selenium.chrome.ChromeDriverService$Builder.findDefaultExecutable(ChromeDriverService.java:156)
	at org.openqa.selenium.remote.service.DriverService$Builder.build(DriverService.java:346)
	at org.openqa.selenium.chrome.ChromeDriverService.createDefaultService(ChromeDriverService.java:91)
	at org.openqa.selenium.chrome.ChromeDriver.<init>(ChromeDriver.java:123)
	at global.OpenWebsite.openMashreq(OpenWebsite.java:17)
	at contactpage.PhoneNumberAuthentication.beforeMethod(PhoneNumberAuthentication.java:19)
... Removed 26 stack frames]]>
    </failure>
  </testcase> <!-- @BeforeMethod beforeMethod -->
  <testcase name="@AfterMethod tearDown" time="0.0" classname="contactpage.PhoneNumberAuthentication">
    <skipped/>
  </testcase> <!-- @AfterMethod tearDown -->
  <testcase name="@BeforeMethod beforeMethod" time="0.0" classname="contactpage.PhoneNumberAuthentication">
    <skipped/>
  </testcase> <!-- @BeforeMethod beforeMethod -->
  <testcase name="@AfterMethod tearDown" time="0.0" classname="contactpage.PhoneNumberAuthentication">
    <skipped/>
  </testcase> <!-- @AfterMethod tearDown -->
  <testcase name="@BeforeMethod beforeMethod" time="0.0" classname="contactpage.ProductLoanDropdown">
    <failure type="java.lang.IllegalStateException" message="The driver executable does not exist: C:\Users\rsadani\Desktop\New folder (3)\AvenirMaven\driver\chromedriver1.exe">
      <![CDATA[java.lang.IllegalStateException: The driver executable does not exist: C:\Users\rsadani\Desktop\New folder (3)\AvenirMaven\driver\chromedriver1.exe
	at com.google.common.base.Preconditions.checkState(Preconditions.java:585)
	at org.openqa.selenium.remote.service.DriverService.checkExecutable(DriverService.java:137)
	at org.openqa.selenium.remote.service.DriverService.findExecutable(DriverService.java:132)
	at org.openqa.selenium.chrome.ChromeDriverService.access$000(ChromeDriverService.java:35)
	at org.openqa.selenium.chrome.ChromeDriverService$Builder.findDefaultExecutable(ChromeDriverService.java:156)
	at org.openqa.selenium.remote.service.DriverService$Builder.build(DriverService.java:346)
	at org.openqa.selenium.chrome.ChromeDriverService.createDefaultService(ChromeDriverService.java:91)
	at org.openqa.selenium.chrome.ChromeDriver.<init>(ChromeDriver.java:123)
	at global.OpenWebsite.openMashreq(OpenWebsite.java:17)
	at contactpage.ProductLoanDropdown.beforeMethod(ProductLoanDropdown.java:24)
... Removed 26 stack frames]]>
    </failure>
  </testcase> <!-- @BeforeMethod beforeMethod -->
  <testcase name="@AfterMethod tearDown" time="0.0" classname="contactpage.ProductLoanDropdown">
    <skipped/>
  </testcase> <!-- @AfterMethod tearDown -->
  <testcase name="@AfterTest tearDown" time="0.0" classname="homepage.ContactUs">
    <skipped/>
  </testcase> <!-- @AfterTest tearDown -->
  <testcase name="@AfterTest tearDown" time="0.0" classname="homepage.ContactUs">
    <skipped/>
  </testcase> <!-- @AfterTest tearDown -->
  <testcase name="testContactUs" time="0.002" classname="homepage.ContactUs">
    <skipped/>
  </testcase> <!-- testContactUs -->
  <testcase name="checkSelectSubProductEmpty" time="0.002" classname="contactpage.CheckSelectSubProductEmpty">
    <skipped/>
  </testcase> <!-- checkSelectSubProductEmpty -->
  <testcase name="navigationBarCheck" time="0.001" classname="homepage.NavigationBar">
    <skipped/>
  </testcase> <!-- navigationBarCheck -->
  <testcase name="checkIAmLookingForDropdown" time="0.001" classname="contactpage.CheckIAmLookingForDropdown">
    <skipped/>
  </testcase> <!-- checkIAmLookingForDropdown -->
  <testcase name="testErrorWithoutFillingDetails" time="0.001" classname="contactpage.CheckErrorWithoutEnteringDetails">
    <skipped/>
  </testcase> <!-- testErrorWithoutFillingDetails -->
  <testcase name="testNewsDisplay" time="0.002" classname="homepage.TestNews">
    <skipped/>
  </testcase> <!-- testNewsDisplay -->
  <testcase name="checkPhoneNumber7Digits" time="0.001" classname="contactpage.PhoneNumberAuthentication">
    <skipped/>
  </testcase> <!-- checkPhoneNumber7Digits -->
  <testcase name="checkPhoneNumberLessThan7Digits" time="0.001" classname="contactpage.PhoneNumberAuthentication">
    <skipped/>
  </testcase> <!-- checkPhoneNumberLessThan7Digits -->
  <testcase name="checkProductLoanDropdown" time="0.002" classname="contactpage.ProductLoanDropdown">
    <skipped/>
  </testcase> <!-- checkProductLoanDropdown -->
</testsuite> <!-- Test -->
